2023-10-02T09:19:15+00:00 CRITICAL Uncaught Error: Call to a member function have_posts() on null in /Applications/MAMP/htdocs/gruppuppgift/wordpress/wp-content/themes/grouptheme/index.php:44
Stack trace:
#0 /Applications/MAMP/htdocs/gruppuppgift/wordpress/wp-includes/template-loader.php(106): include()
#1 /Applications/MAMP/htdocs/gruppuppgift/wordpress/wp-blog-header.php(19): require_once('/Applications/M...')
#2 /Applications/MAMP/htdocs/gruppuppgift/wordpress/index.php(17): require('/Applications/M...')
#3 {main}
  thrown i /Applications/MAMP/htdocs/gruppuppgift/wordpress/wp-content/themes/grouptheme/index.php på rad 44

2023-10-02T09:19:36+00:00 CRITICAL Uncaught Error: Call to a member function have_posts() on null in /Applications/MAMP/htdocs/gruppuppgift/wordpress/wp-content/themes/grouptheme/index.php:44
Stack trace:
#0 /Applications/MAMP/htdocs/gruppuppgift/wordpress/wp-includes/template-loader.php(106): include()
#1 /Applications/MAMP/htdocs/gruppuppgift/wordpress/wp-blog-header.php(19): require_once('/Applications/M...')
#2 /Applications/MAMP/htdocs/gruppuppgift/wordpress/index.php(17): require('/Applications/M...')
#3 {main}
  thrown i /Applications/MAMP/htdocs/gruppuppgift/wordpress/wp-content/themes/grouptheme/index.php på rad 44

2023-10-02T09:21:15+00:00 CRITICAL Uncaught Error: Call to a member function have_posts() on null in /Applications/MAMP/htdocs/gruppuppgift/wordpress/wp-content/themes/grouptheme/index.php:44
Stack trace:
#0 /Applications/MAMP/htdocs/gruppuppgift/wordpress/wp-includes/template-loader.php(106): include()
#1 /Applications/MAMP/htdocs/gruppuppgift/wordpress/wp-blog-header.php(19): require_once('/Applications/M...')
#2 /Applications/MAMP/htdocs/gruppuppgift/wordpress/index.php(17): require('/Applications/M...')
#3 {main}
  thrown i /Applications/MAMP/htdocs/gruppuppgift/wordpress/wp-content/themes/grouptheme/index.php på rad 44

2023-10-02T09:21:16+00:00 CRITICAL Uncaught Error: Call to a member function have_posts() on null in /Applications/MAMP/htdocs/gruppuppgift/wordpress/wp-content/themes/grouptheme/index.php:44
Stack trace:
#0 /Applications/MAMP/htdocs/gruppuppgift/wordpress/wp-includes/template-loader.php(106): include()
#1 /Applications/MAMP/htdocs/gruppuppgift/wordpress/wp-blog-header.php(19): require_once('/Applications/M...')
#2 /Applications/MAMP/htdocs/gruppuppgift/wordpress/index.php(17): require('/Applications/M...')
#3 {main}
  thrown i /Applications/MAMP/htdocs/gruppuppgift/wordpress/wp-content/themes/grouptheme/index.php på rad 44

2023-10-02T09:21:43+00:00 CRITICAL Uncaught Error: Call to a member function have_posts() on null in /Applications/MAMP/htdocs/gruppuppgift/wordpress/wp-content/themes/grouptheme/index.php:44
Stack trace:
#0 /Applications/MAMP/htdocs/gruppuppgift/wordpress/wp-includes/template-loader.php(106): include()
#1 /Applications/MAMP/htdocs/gruppuppgift/wordpress/wp-blog-header.php(19): require_once('/Applications/M...')
#2 /Applications/MAMP/htdocs/gruppuppgift/wordpress/index.php(17): require('/Applications/M...')
#3 {main}
  thrown i /Applications/MAMP/htdocs/gruppuppgift/wordpress/wp-content/themes/grouptheme/index.php på rad 44

2023-10-02T09:21:46+00:00 CRITICAL Uncaught Error: Call to a member function have_posts() on null in /Applications/MAMP/htdocs/gruppuppgift/wordpress/wp-content/themes/grouptheme/index.php:44
Stack trace:
#0 /Applications/MAMP/htdocs/gruppuppgift/wordpress/wp-includes/template-loader.php(106): include()
#1 /Applications/MAMP/htdocs/gruppuppgift/wordpress/wp-blog-header.php(19): require_once('/Applications/M...')
#2 /Applications/MAMP/htdocs/gruppuppgift/wordpress/index.php(17): require('/Applications/M...')
#3 {main}
  thrown i /Applications/MAMP/htdocs/gruppuppgift/wordpress/wp-content/themes/grouptheme/index.php på rad 44

2023-10-02T09:21:49+00:00 CRITICAL Uncaught Error: Call to a member function have_posts() on null in /Applications/MAMP/htdocs/gruppuppgift/wordpress/wp-content/themes/grouptheme/index.php:44
Stack trace:
#0 /Applications/MAMP/htdocs/gruppuppgift/wordpress/wp-includes/template-loader.php(106): include()
#1 /Applications/MAMP/htdocs/gruppuppgift/wordpress/wp-blog-header.php(19): require_once('/Applications/M...')
#2 /Applications/MAMP/htdocs/gruppuppgift/wordpress/index.php(17): require('/Applications/M...')
#3 {main}
  thrown i /Applications/MAMP/htdocs/gruppuppgift/wordpress/wp-content/themes/grouptheme/index.php på rad 44

2023-10-02T09:25:25+00:00 CRITICAL Uncaught Error: Call to a member function have_posts() on null in /Applications/MAMP/htdocs/gruppuppgift/wordpress/wp-content/themes/grouptheme/index.php:44
Stack trace:
#0 /Applications/MAMP/htdocs/gruppuppgift/wordpress/wp-includes/template-loader.php(106): include()
#1 /Applications/MAMP/htdocs/gruppuppgift/wordpress/wp-blog-header.php(19): require_once('/Applications/M...')
#2 /Applications/MAMP/htdocs/gruppuppgift/wordpress/index.php(17): require('/Applications/M...')
#3 {main}
  thrown i /Applications/MAMP/htdocs/gruppuppgift/wordpress/wp-content/themes/grouptheme/index.php på rad 44

2023-10-02T09:26:36+00:00 CRITICAL Uncaught Error: Call to a member function have_posts() on null in /Applications/MAMP/htdocs/gruppuppgift/wordpress/wp-content/themes/grouptheme/index.php:44
Stack trace:
#0 /Applications/MAMP/htdocs/gruppuppgift/wordpress/wp-includes/template-loader.php(106): include()
#1 /Applications/MAMP/htdocs/gruppuppgift/wordpress/wp-blog-header.php(19): require_once('/Applications/M...')
#2 /Applications/MAMP/htdocs/gruppuppgift/wordpress/index.php(17): require('/Applications/M...')
#3 {main}
  thrown i /Applications/MAMP/htdocs/gruppuppgift/wordpress/wp-content/themes/grouptheme/index.php på rad 44

2023-10-02T09:26:57+00:00 CRITICAL Uncaught Error: Call to a member function have_posts() on null in /Applications/MAMP/htdocs/gruppuppgift/wordpress/wp-content/themes/grouptheme/index.php:44
Stack trace:
#0 /Applications/MAMP/htdocs/gruppuppgift/wordpress/wp-includes/template-loader.php(106): include()
#1 /Applications/MAMP/htdocs/gruppuppgift/wordpress/wp-blog-header.php(19): require_once('/Applications/M...')
#2 /Applications/MAMP/htdocs/gruppuppgift/wordpress/index.php(17): require('/Applications/M...')
#3 {main}
  thrown i /Applications/MAMP/htdocs/gruppuppgift/wordpress/wp-content/themes/grouptheme/index.php på rad 44

2023-10-02T09:31:47+00:00 CRITICAL Uncaught Error: Call to a member function have_posts() on null in /Applications/MAMP/htdocs/gruppuppgift/wordpress/wp-content/themes/grouptheme/index.php:44
Stack trace:
#0 /Applications/MAMP/htdocs/gruppuppgift/wordpress/wp-includes/template-loader.php(106): include()
#1 /Applications/MAMP/htdocs/gruppuppgift/wordpress/wp-blog-header.php(19): require_once('/Applications/M...')
#2 /Applications/MAMP/htdocs/gruppuppgift/wordpress/index.php(17): require('/Applications/M...')
#3 {main}
  thrown i /Applications/MAMP/htdocs/gruppuppgift/wordpress/wp-content/themes/grouptheme/index.php på rad 44

2023-10-02T11:07:40+00:00 CRITICAL syntax error, unexpected '}', expecting end of file i /Applications/MAMP/htdocs/gruppuppgift/wordpress/wp-content/themes/grouptheme/functions.php på rad 85

2023-10-02T11:10:26+00:00 CRITICAL Uncaught Error: Call to a member function have_posts() on null in /Applications/MAMP/htdocs/gruppuppgift/wordpress/wp-content/themes/grouptheme/index.php:44
Stack trace:
#0 /Applications/MAMP/htdocs/gruppuppgift/wordpress/wp-includes/template-loader.php(106): include()
#1 /Applications/MAMP/htdocs/gruppuppgift/wordpress/wp-blog-header.php(19): require_once('/Applications/M...')
#2 /Applications/MAMP/htdocs/gruppuppgift/wordpress/index.php(17): require('/Applications/M...')
#3 {main}
  thrown i /Applications/MAMP/htdocs/gruppuppgift/wordpress/wp-content/themes/grouptheme/index.php på rad 44

2023-10-02T11:13:14+00:00 CRITICAL Uncaught Error: Call to a member function have_posts() on null in /Applications/MAMP/htdocs/gruppuppgift/wordpress/wp-content/themes/grouptheme/index.php:44
Stack trace:
#0 /Applications/MAMP/htdocs/gruppuppgift/wordpress/wp-includes/template-loader.php(106): include()
#1 /Applications/MAMP/htdocs/gruppuppgift/wordpress/wp-blog-header.php(19): require_once('/Applications/M...')
#2 /Applications/MAMP/htdocs/gruppuppgift/wordpress/index.php(17): require('/Applications/M...')
#3 {main}
  thrown i /Applications/MAMP/htdocs/gruppuppgift/wordpress/wp-content/themes/grouptheme/index.php på rad 44

2023-10-02T11:16:16+00:00 CRITICAL Uncaught Error: Call to a member function have_posts() on null in /Applications/MAMP/htdocs/gruppuppgift/wordpress/wp-content/themes/grouptheme/index.php:44
Stack trace:
#0 /Applications/MAMP/htdocs/gruppuppgift/wordpress/wp-includes/template-loader.php(106): include()
#1 /Applications/MAMP/htdocs/gruppuppgift/wordpress/wp-blog-header.php(19): require_once('/Applications/M...')
#2 /Applications/MAMP/htdocs/gruppuppgift/wordpress/index.php(17): require('/Applications/M...')
#3 {main}
  thrown i /Applications/MAMP/htdocs/gruppuppgift/wordpress/wp-content/themes/grouptheme/index.php på rad 44

2023-10-02T11:22:07+00:00 CRITICAL Uncaught Error: Call to a member function have_posts() on null in /Applications/MAMP/htdocs/gruppuppgift/wordpress/wp-content/themes/grouptheme/index.php:44
Stack trace:
#0 /Applications/MAMP/htdocs/gruppuppgift/wordpress/wp-includes/template-loader.php(106): include()
#1 /Applications/MAMP/htdocs/gruppuppgift/wordpress/wp-blog-header.php(19): require_once('/Applications/M...')
#2 /Applications/MAMP/htdocs/gruppuppgift/wordpress/index.php(17): require('/Applications/M...')
#3 {main}
  thrown i /Applications/MAMP/htdocs/gruppuppgift/wordpress/wp-content/themes/grouptheme/index.php på rad 44

2023-10-02T11:22:22+00:00 CRITICAL Uncaught Error: Call to a member function have_posts() on null in /Applications/MAMP/htdocs/gruppuppgift/wordpress/wp-content/themes/grouptheme/index.php:44
Stack trace:
#0 /Applications/MAMP/htdocs/gruppuppgift/wordpress/wp-includes/template-loader.php(106): include()
#1 /Applications/MAMP/htdocs/gruppuppgift/wordpress/wp-blog-header.php(19): require_once('/Applications/M...')
#2 /Applications/MAMP/htdocs/gruppuppgift/wordpress/index.php(17): require('/Applications/M...')
#3 {main}
  thrown i /Applications/MAMP/htdocs/gruppuppgift/wordpress/wp-content/themes/grouptheme/index.php på rad 44

2023-10-02T11:23:07+00:00 CRITICAL Uncaught Error: Call to a member function have_posts() on null in /Applications/MAMP/htdocs/gruppuppgift/wordpress/wp-content/themes/grouptheme/index.php:44
Stack trace:
#0 /Applications/MAMP/htdocs/gruppuppgift/wordpress/wp-includes/template-loader.php(106): include()
#1 /Applications/MAMP/htdocs/gruppuppgift/wordpress/wp-blog-header.php(19): require_once('/Applications/M...')
#2 /Applications/MAMP/htdocs/gruppuppgift/wordpress/index.php(17): require('/Applications/M...')
#3 {main}
  thrown i /Applications/MAMP/htdocs/gruppuppgift/wordpress/wp-content/themes/grouptheme/index.php på rad 44

2023-10-02T11:23:09+00:00 CRITICAL Uncaught Error: Call to a member function have_posts() on null in /Applications/MAMP/htdocs/gruppuppgift/wordpress/wp-content/themes/grouptheme/index.php:44
Stack trace:
#0 /Applications/MAMP/htdocs/gruppuppgift/wordpress/wp-includes/template-loader.php(106): include()
#1 /Applications/MAMP/htdocs/gruppuppgift/wordpress/wp-blog-header.php(19): require_once('/Applications/M...')
#2 /Applications/MAMP/htdocs/gruppuppgift/wordpress/index.php(17): require('/Applications/M...')
#3 {main}
  thrown i /Applications/MAMP/htdocs/gruppuppgift/wordpress/wp-content/themes/grouptheme/index.php på rad 44

2023-10-02T11:24:57+00:00 CRITICAL Uncaught Error: Call to a member function have_posts() on null in /Applications/MAMP/htdocs/gruppuppgift/wordpress/wp-content/themes/grouptheme/index.php:44
Stack trace:
#0 /Applications/MAMP/htdocs/gruppuppgift/wordpress/wp-includes/template-loader.php(106): include()
#1 /Applications/MAMP/htdocs/gruppuppgift/wordpress/wp-blog-header.php(19): require_once('/Applications/M...')
#2 /Applications/MAMP/htdocs/gruppuppgift/wordpress/index.php(17): require('/Applications/M...')
#3 {main}
  thrown i /Applications/MAMP/htdocs/gruppuppgift/wordpress/wp-content/themes/grouptheme/index.php på rad 44

2023-10-02T11:27:59+00:00 CRITICAL Uncaught Error: Call to a member function have_posts() on null in /Applications/MAMP/htdocs/gruppuppgift/wordpress/wp-content/themes/grouptheme/index.php:44
Stack trace:
#0 /Applications/MAMP/htdocs/gruppuppgift/wordpress/wp-includes/template-loader.php(106): include()
#1 /Applications/MAMP/htdocs/gruppuppgift/wordpress/wp-blog-header.php(19): require_once('/Applications/M...')
#2 /Applications/MAMP/htdocs/gruppuppgift/wordpress/index.php(17): require('/Applications/M...')
#3 {main}
  thrown i /Applications/MAMP/htdocs/gruppuppgift/wordpress/wp-content/themes/grouptheme/index.php på rad 44

2023-10-02T11:28:08+00:00 CRITICAL Uncaught Error: Call to a member function have_posts() on null in /Applications/MAMP/htdocs/gruppuppgift/wordpress/wp-content/themes/grouptheme/index.php:44
Stack trace:
#0 /Applications/MAMP/htdocs/gruppuppgift/wordpress/wp-includes/template-loader.php(106): include()
#1 /Applications/MAMP/htdocs/gruppuppgift/wordpress/wp-blog-header.php(19): require_once('/Applications/M...')
#2 /Applications/MAMP/htdocs/gruppuppgift/wordpress/index.php(17): require('/Applications/M...')
#3 {main}
  thrown i /Applications/MAMP/htdocs/gruppuppgift/wordpress/wp-content/themes/grouptheme/index.php på rad 44

2023-10-02T11:29:10+00:00 CRITICAL Uncaught Error: Call to a member function have_posts() on null in /Applications/MAMP/htdocs/gruppuppgift/wordpress/wp-content/themes/grouptheme/index.php:44
Stack trace:
#0 /Applications/MAMP/htdocs/gruppuppgift/wordpress/wp-includes/template-loader.php(106): include()
#1 /Applications/MAMP/htdocs/gruppuppgift/wordpress/wp-blog-header.php(19): require_once('/Applications/M...')
#2 /Applications/MAMP/htdocs/gruppuppgift/wordpress/index.php(17): require('/Applications/M...')
#3 {main}
  thrown i /Applications/MAMP/htdocs/gruppuppgift/wordpress/wp-content/themes/grouptheme/index.php på rad 44

2023-10-02T11:30:31+00:00 CRITICAL Uncaught Error: Call to a member function have_posts() on null in /Applications/MAMP/htdocs/gruppuppgift/wordpress/wp-content/themes/grouptheme/index.php:44
Stack trace:
#0 /Applications/MAMP/htdocs/gruppuppgift/wordpress/wp-includes/template-loader.php(106): include()
#1 /Applications/MAMP/htdocs/gruppuppgift/wordpress/wp-blog-header.php(19): require_once('/Applications/M...')
#2 /Applications/MAMP/htdocs/gruppuppgift/wordpress/index.php(17): require('/Applications/M...')
#3 {main}
  thrown i /Applications/MAMP/htdocs/gruppuppgift/wordpress/wp-content/themes/grouptheme/index.php på rad 44

2023-10-02T11:32:49+00:00 CRITICAL Uncaught Error: Call to a member function have_posts() on null in /Applications/MAMP/htdocs/gruppuppgift/wordpress/wp-content/themes/grouptheme/index.php:44
Stack trace:
#0 /Applications/MAMP/htdocs/gruppuppgift/wordpress/wp-includes/template-loader.php(106): include()
#1 /Applications/MAMP/htdocs/gruppuppgift/wordpress/wp-blog-header.php(19): require_once('/Applications/M...')
#2 /Applications/MAMP/htdocs/gruppuppgift/wordpress/index.php(17): require('/Applications/M...')
#3 {main}
  thrown i /Applications/MAMP/htdocs/gruppuppgift/wordpress/wp-content/themes/grouptheme/index.php på rad 44

2023-10-02T11:33:22+00:00 CRITICAL Uncaught Error: Call to a member function have_posts() on null in /Applications/MAMP/htdocs/gruppuppgift/wordpress/wp-content/themes/grouptheme/index.php:44
Stack trace:
#0 /Applications/MAMP/htdocs/gruppuppgift/wordpress/wp-includes/template-loader.php(106): include()
#1 /Applications/MAMP/htdocs/gruppuppgift/wordpress/wp-blog-header.php(19): require_once('/Applications/M...')
#2 /Applications/MAMP/htdocs/gruppuppgift/wordpress/index.php(17): require('/Applications/M...')
#3 {main}
  thrown i /Applications/MAMP/htdocs/gruppuppgift/wordpress/wp-content/themes/grouptheme/index.php på rad 44

2023-10-02T13:22:52+00:00 CRITICAL Cannot redeclare post_type_stores() (previously declared in /Applications/MAMP/htdocs/gruppuppgift/wordpress/wp-content/themes/grouptheme/functions.php:10) i /Applications/MAMP/htdocs/gruppuppgift/wordpress/wp-content/themes/grouptheme/functions.php på rad 48

2023-10-02T13:23:17+00:00 CRITICAL Cannot redeclare post_type_stores() (previously declared in /Applications/MAMP/htdocs/gruppuppgift/wordpress/wp-content/themes/grouptheme/functions.php:10) i /Applications/MAMP/htdocs/gruppuppgift/wordpress/wp-content/themes/grouptheme/functions.php på rad 48

2023-10-02T13:23:19+00:00 CRITICAL Cannot redeclare post_type_stores() (previously declared in /Applications/MAMP/htdocs/gruppuppgift/wordpress/wp-content/themes/grouptheme/functions.php:10) i /Applications/MAMP/htdocs/gruppuppgift/wordpress/wp-content/themes/grouptheme/functions.php på rad 48

